<?xml version="1.0" encoding="UTF-8"?>
<coverage generated="1780359337722" clover="3.2.0">
  <project timestamp="1780359337722" name="All files">
    <metrics statements="78" coveredstatements="78" conditionals="25" coveredconditionals="25" methods="10" coveredmethods="10" elements="113" coveredelements="113" complexity="0" loc="78" ncloc="78" packages="1" files="1" classes="1"/>
    <file name="index.ts" path="/Users/ofek/dev/git/github/tupe12334/polyhook/packages/sdk-ts/src/index.ts">
      <metrics statements="78" coveredstatements="78" conditionals="25" coveredconditionals="25" methods="10" coveredmethods="10"/>
      <line num="1" count="1" type="stmt"/>
      <line num="54" count="1" type="stmt"/>
      <line num="58" count="1" type="stmt"/>
      <line num="61" count="1" type="cond" truecount="1" falsecount="0"/>
      <line num="62" count="32" type="stmt"/>
      <line num="63" count="32" type="stmt"/>
      <line num="65" count="19" type="cond" truecount="1" falsecount="0"/>
      <line num="66" count="19" type="cond" truecount="2" falsecount="0"/>
      <line num="68" count="2" type="stmt"/>
      <line num="69" count="2" type="stmt"/>
      <line num="73" count="2" type="stmt"/>
      <line num="76" count="2" type="cond" truecount="1" falsecount="0"/>
      <line num="77" count="1" type="stmt"/>
      <line num="78" count="1" type="stmt"/>
      <line num="79" count="1" type="stmt"/>
      <line num="88" count="17" type="cond" truecount="1" falsecount="0"/>
      <line num="89" count="17" type="stmt"/>
      <line num="90" count="17" type="stmt"/>
      <line num="91" count="17" type="stmt"/>
      <line num="98" count="17" type="cond" truecount="1" falsecount="0"/>
      <line num="99" count="17" type="stmt"/>
      <line num="100" count="17" type="stmt"/>
      <line num="101" count="17" type="stmt"/>
      <line num="103" count="17" type="stmt"/>
      <line num="104" count="17" type="stmt"/>
      <line num="110" count="10" type="cond" truecount="1" falsecount="0"/>
      <line num="111" count="10" type="cond" truecount="1" falsecount="0"/>
      <line num="112" count="10" type="stmt"/>
      <line num="113" count="10" type="cond" truecount="1" falsecount="0"/>
      <line num="114" count="10" type="cond" truecount="1" falsecount="0"/>
      <line num="115" count="10" type="cond" truecount="1" falsecount="0"/>
      <line num="116" count="10" type="stmt"/>
      <line num="117" count="10" type="stmt"/>
      <line num="131" count="11" type="cond" truecount="1" falsecount="0"/>
      <line num="132" count="11" type="cond" truecount="1" falsecount="0"/>
      <line num="134" count="10" type="cond" truecount="1" falsecount="0"/>
      <line num="135" count="9" type="stmt"/>
      <line num="136" count="9" type="stmt"/>
      <line num="139" count="9" type="stmt"/>
      <line num="140" count="9" type="stmt"/>
      <line num="143" count="9" type="stmt"/>
      <line num="146" count="9" type="stmt"/>
      <line num="147" count="9" type="stmt"/>
      <line num="150" count="9" type="stmt"/>
      <line num="151" count="9" type="stmt"/>
      <line num="153" count="9" type="stmt"/>
      <line num="154" count="9" type="stmt"/>
      <line num="158" count="11" type="cond" truecount="1" falsecount="0"/>
      <line num="160" count="11" type="stmt"/>
      <line num="161" count="11" type="stmt"/>
      <line num="171" count="8" type="cond" truecount="1" falsecount="0"/>
      <line num="172" count="8" type="stmt"/>
      <line num="174" count="8" type="stmt"/>
      <line num="175" count="8" type="stmt"/>
      <line num="176" count="8" type="stmt"/>
      <line num="179" count="8" type="stmt"/>
      <line num="180" count="8" type="stmt"/>
      <line num="182" count="8" type="stmt"/>
      <line num="185" count="8" type="stmt"/>
      <line num="186" count="8" type="stmt"/>
      <line num="189" count="8" type="stmt"/>
      <line num="190" count="8" type="stmt"/>
      <line num="193" count="8" type="cond" truecount="1" falsecount="0"/>
      <line num="194" count="8" type="cond" truecount="1" falsecount="0"/>
      <line num="195" count="8" type="cond" truecount="2" falsecount="0"/>
      <line num="196" count="7" type="stmt"/>
      <line num="197" count="8" type="stmt"/>
      <line num="198" count="8" type="cond" truecount="1" falsecount="0"/>
      <line num="199" count="7" type="stmt"/>
      <line num="206" count="1" type="cond" truecount="1" falsecount="0"/>
      <line num="207" count="5" type="stmt"/>
      <line num="208" count="5" type="stmt"/>
      <line num="211" count="1" type="cond" truecount="1" falsecount="0"/>
      <line num="212" count="3" type="stmt"/>
      <line num="213" count="3" type="stmt"/>
      <line num="221" count="1" type="cond" truecount="1" falsecount="0"/>
      <line num="222" count="3" type="stmt"/>
      <line num="223" count="3" type="stmt"/>
    </file>
  </project>
</coverage>
