{"/Users/ofek/dev/git/github/tupe12334/polyhook/packages/sdk-ts/src/index.ts": {"path":"/Users/ofek/dev/git/github/tupe12334/polyhook/packages/sdk-ts/src/index.ts","all":false,"statementMap":{"0":{"start":{"line":1,"column":0},"end":{"line":1,"column":24}},"53":{"start":{"line":54,"column":0},"end":{"line":54,"column":36}},"57":{"start":{"line":58,"column":0},"end":{"line":58,"column":39}},"60":{"start":{"line":61,"column":0},"end":{"line":61,"column":70}},"61":{"start":{"line":62,"column":0},"end":{"line":62,"column":18}},"62":{"start":{"line":63,"column":0},"end":{"line":63,"column":1}},"64":{"start":{"line":65,"column":0},"end":{"line":65,"column":48}},"65":{"start":{"line":66,"column":0},"end":{"line":66,"column":34}},"67":{"start":{"line":68,"column":0},"end":{"line":68,"column":62}},"68":{"start":{"line":69,"column":0},"end":{"line":69,"column":45}},"72":{"start":{"line":73,"column":0},"end":{"line":73,"column":49}},"75":{"start":{"line":76,"column":0},"end":{"line":76,"column":54}},"76":{"start":{"line":77,"column":0},"end":{"line":77,"column":41}},"77":{"start":{"line":78,"column":0},"end":{"line":78,"column":14}},"78":{"start":{"line":79,"column":0},"end":{"line":79,"column":1}},"87":{"start":{"line":88,"column":0},"end":{"line":88,"column":78}},"88":{"start":{"line":89,"column":0},"end":{"line":89,"column":48}},"89":{"start":{"line":90,"column":0},"end":{"line":90,"column":21}},"90":{"start":{"line":91,"column":0},"end":{"line":91,"column":1}},"97":{"start":{"line":98,"column":0},"end":{"line":98,"column":73}},"98":{"start":{"line":99,"column":0},"end":{"line":99,"column":45}},"99":{"start":{"line":100,"column":0},"end":{"line":100,"column":55}},"100":{"start":{"line":101,"column":0},"end":{"line":101,"column":66}},"102":{"start":{"line":103,"column":0},"end":{"line":103,"column":33}},"103":{"start":{"line":104,"column":0},"end":{"line":104,"column":1}},"109":{"start":{"line":110,"column":0},"end":{"line":110,"column":45}},"110":{"start":{"line":111,"column":0},"end":{"line":111,"column":43}},"111":{"start":{"line":112,"column":0},"end":{"line":112,"column":31}},"112":{"start":{"line":113,"column":0},"end":{"line":113,"column":59}},"113":{"start":{"line":114,"column":0},"end":{"line":114,"column":65}},"114":{"start":{"line":115,"column":0},"end":{"line":115,"column":58}},"115":{"start":{"line":116,"column":0},"end":{"line":116,"column":4}},"116":{"start":{"line":117,"column":0},"end":{"line":117,"column":1}},"130":{"start":{"line":131,"column":0},"end":{"line":131,"column":50}},"131":{"start":{"line":132,"column":0},"end":{"line":132,"column":30}},"133":{"start":{"line":134,"column":0},"end":{"line":134,"column":36}},"134":{"start":{"line":135,"column":0},"end":{"line":135,"column":94}},"135":{"start":{"line":136,"column":0},"end":{"line":136,"column":36}},"138":{"start":{"line":139,"column":0},"end":{"line":139,"column":39}},"139":{"start":{"line":140,"column":0},"end":{"line":140,"column":40}},"142":{"start":{"line":143,"column":0},"end":{"line":143,"column":50}},"145":{"start":{"line":146,"column":0},"end":{"line":146,"column":57}},"146":{"start":{"line":147,"column":0},"end":{"line":147,"column":78}},"149":{"start":{"line":150,"column":0},"end":{"line":150,"column":40}},"150":{"start":{"line":151,"column":0},"end":{"line":151,"column":34}},"152":{"start":{"line":153,"column":0},"end":{"line":153,"column":52}},"153":{"start":{"line":154,"column":0},"end":{"line":154,"column":45}},"157":{"start":{"line":158,"column":0},"end":{"line":158,"column":41}},"159":{"start":{"line":160,"column":0},"end":{"line":160,"column":14}},"160":{"start":{"line":161,"column":0},"end":{"line":161,"column":1}},"170":{"start":{"line":171,"column":0},"end":{"line":171,"column":63}},"171":{"start":{"line":172,"column":0},"end":{"line":172,"column":30}},"173":{"start":{"line":174,"column":0},"end":{"line":174,"column":32}},"174":{"start":{"line":175,"column":0},"end":{"line":175,"column":51}},"175":{"start":{"line":176,"column":0},"end":{"line":176,"column":36}},"178":{"start":{"line":179,"column":0},"end":{"line":179,"column":39}},"179":{"start":{"line":180,"column":0},"end":{"line":180,"column":40}},"181":{"start":{"line":182,"column":0},"end":{"line":182,"column":54}},"184":{"start":{"line":185,"column":0},"end":{"line":185,"column":57}},"185":{"start":{"line":186,"column":0},"end":{"line":186,"column":78}},"188":{"start":{"line":189,"column":0},"end":{"line":189,"column":40}},"189":{"start":{"line":190,"column":0},"end":{"line":190,"column":34}},"192":{"start":{"line":193,"column":0},"end":{"line":193,"column":48}},"193":{"start":{"line":194,"column":0},"end":{"line":194,"column":48}},"194":{"start":{"line":195,"column":0},"end":{"line":195,"column":26}},"195":{"start":{"line":196,"column":0},"end":{"line":196,"column":20}},"196":{"start":{"line":197,"column":0},"end":{"line":197,"column":6}},"197":{"start":{"line":198,"column":0},"end":{"line":198,"column":4}},"198":{"start":{"line":199,"column":0},"end":{"line":199,"column":1}},"205":{"start":{"line":206,"column":0},"end":{"line":206,"column":44}},"206":{"start":{"line":207,"column":0},"end":{"line":207,"column":30}},"207":{"start":{"line":208,"column":0},"end":{"line":208,"column":1}},"210":{"start":{"line":211,"column":0},"end":{"line":211,"column":55}},"211":{"start":{"line":212,"column":0},"end":{"line":212,"column":37}},"212":{"start":{"line":213,"column":0},"end":{"line":213,"column":1}},"220":{"start":{"line":221,"column":0},"end":{"line":221,"column":72}},"221":{"start":{"line":222,"column":0},"end":{"line":222,"column":36}},"222":{"start":{"line":223,"column":0},"end":{"line":223,"column":1}}},"s":{"0":1,"53":1,"57":1,"60":1,"61":32,"62":32,"64":19,"65":19,"67":2,"68":2,"72":2,"75":2,"76":1,"77":1,"78":1,"87":17,"88":17,"89":17,"90":17,"97":17,"98":17,"99":17,"100":17,"102":17,"103":17,"109":10,"110":10,"111":10,"112":10,"113":10,"114":10,"115":10,"116":10,"130":11,"131":11,"133":10,"134":9,"135":9,"138":9,"139":9,"142":9,"145":9,"146":9,"149":9,"150":9,"152":9,"153":9,"157":11,"159":11,"160":11,"170":8,"171":8,"173":8,"174":8,"175":8,"178":8,"179":8,"181":8,"184":8,"185":8,"188":8,"189":8,"192":8,"193":8,"194":8,"195":7,"196":8,"197":8,"198":7,"205":1,"206":5,"207":5,"210":1,"211":3,"212":3,"220":1,"221":3,"222":3},"branchMap":{"0":{"type":"branch","line":61,"loc":{"start":{"line":61,"column":7},"end":{"line":63,"column":1}},"locations":[{"start":{"line":61,"column":7},"end":{"line":63,"column":1}}]},"1":{"type":"branch","line":65,"loc":{"start":{"line":65,"column":0},"end":{"line":79,"column":1}},"locations":[{"start":{"line":65,"column":0},"end":{"line":79,"column":1}}]},"2":{"type":"branch","line":66,"loc":{"start":{"line":66,"column":22},"end":{"line":66,"column":34}},"locations":[{"start":{"line":66,"column":22},"end":{"line":66,"column":34}}]},"3":{"type":"branch","line":66,"loc":{"start":{"line":66,"column":29},"end":{"line":76,"column":54}},"locations":[{"start":{"line":66,"column":29},"end":{"line":76,"column":54}}]},"4":{"type":"branch","line":76,"loc":{"start":{"line":76,"column":53},"end":{"line":79,"column":1}},"locations":[{"start":{"line":76,"column":53},"end":{"line":79,"column":1}}]},"5":{"type":"branch","line":88,"loc":{"start":{"line":88,"column":0},"end":{"line":91,"column":1}},"locations":[{"start":{"line":88,"column":0},"end":{"line":91,"column":1}}]},"6":{"type":"branch","line":98,"loc":{"start":{"line":98,"column":0},"end":{"line":104,"column":1}},"locations":[{"start":{"line":98,"column":0},"end":{"line":104,"column":1}}]},"7":{"type":"branch","line":110,"loc":{"start":{"line":110,"column":0},"end":{"line":117,"column":1}},"locations":[{"start":{"line":110,"column":0},"end":{"line":117,"column":1}}]},"8":{"type":"branch","line":111,"loc":{"start":{"line":111,"column":21},"end":{"line":116,"column":3}},"locations":[{"start":{"line":111,"column":21},"end":{"line":116,"column":3}}]},"9":{"type":"branch","line":113,"loc":{"start":{"line":113,"column":29},"end":{"line":113,"column":58}},"locations":[{"start":{"line":113,"column":29},"end":{"line":113,"column":58}}]},"10":{"type":"branch","line":114,"loc":{"start":{"line":114,"column":28},"end":{"line":114,"column":64}},"locations":[{"start":{"line":114,"column":28},"end":{"line":114,"column":64}}]},"11":{"type":"branch","line":115,"loc":{"start":{"line":115,"column":30},"end":{"line":115,"column":57}},"locations":[{"start":{"line":115,"column":30},"end":{"line":115,"column":57}}]},"12":{"type":"branch","line":131,"loc":{"start":{"line":131,"column":0},"end":{"line":161,"column":1}},"locations":[{"start":{"line":131,"column":0},"end":{"line":161,"column":1}}]},"13":{"type":"branch","line":132,"loc":{"start":{"line":132,"column":29},"end":{"line":134,"column":36}},"locations":[{"start":{"line":132,"column":29},"end":{"line":134,"column":36}}]},"14":{"type":"branch","line":134,"loc":{"start":{"line":134,"column":35},"end":{"line":158,"column":32}},"locations":[{"start":{"line":134,"column":35},"end":{"line":158,"column":32}}]},"15":{"type":"branch","line":158,"loc":{"start":{"line":158,"column":22},"end":{"line":158,"column":41}},"locations":[{"start":{"line":158,"column":22},"end":{"line":158,"column":41}}]},"16":{"type":"branch","line":171,"loc":{"start":{"line":171,"column":0},"end":{"line":199,"column":1}},"locations":[{"start":{"line":171,"column":0},"end":{"line":199,"column":1}}]},"17":{"type":"branch","line":198,"loc":{"start":{"line":198,"column":3},"end":{"line":199,"column":1}},"locations":[{"start":{"line":198,"column":3},"end":{"line":199,"column":1}}]},"18":{"type":"branch","line":193,"loc":{"start":{"line":193,"column":26},"end":{"line":198,"column":3}},"locations":[{"start":{"line":193,"column":26},"end":{"line":198,"column":3}}]},"19":{"type":"branch","line":194,"loc":{"start":{"line":194,"column":38},"end":{"line":197,"column":5}},"locations":[{"start":{"line":194,"column":38},"end":{"line":197,"column":5}}]},"20":{"type":"branch","line":195,"loc":{"start":{"line":195,"column":15},"end":{"line":195,"column":26}},"locations":[{"start":{"line":195,"column":15},"end":{"line":195,"column":26}}]},"21":{"type":"branch","line":195,"loc":{"start":{"line":195,"column":25},"end":{"line":196,"column":20}},"locations":[{"start":{"line":195,"column":25},"end":{"line":196,"column":20}}]},"22":{"type":"branch","line":206,"loc":{"start":{"line":206,"column":7},"end":{"line":208,"column":1}},"locations":[{"start":{"line":206,"column":7},"end":{"line":208,"column":1}}]},"23":{"type":"branch","line":211,"loc":{"start":{"line":211,"column":7},"end":{"line":213,"column":1}},"locations":[{"start":{"line":211,"column":7},"end":{"line":213,"column":1}}]},"24":{"type":"branch","line":221,"loc":{"start":{"line":221,"column":7},"end":{"line":223,"column":1}},"locations":[{"start":{"line":221,"column":7},"end":{"line":223,"column":1}}]}},"b":{"0":[32],"1":[19],"2":[17],"3":[2],"4":[1],"5":[17],"6":[17],"7":[10],"8":[10],"9":[9],"10":[9],"11":[1],"12":[11],"13":[10],"14":[9],"15":[1],"16":[8],"17":[7],"18":[8],"19":[8],"20":[1],"21":[7],"22":[5],"23":[3],"24":[3]},"fnMap":{"0":{"name":"_setWasmInstance","decl":{"start":{"line":61,"column":7},"end":{"line":63,"column":1}},"loc":{"start":{"line":61,"column":7},"end":{"line":63,"column":1}},"line":61},"1":{"name":"getWasm","decl":{"start":{"line":65,"column":0},"end":{"line":79,"column":1}},"loc":{"start":{"line":65,"column":0},"end":{"line":79,"column":1}},"line":65},"2":{"name":"writeBytes","decl":{"start":{"line":88,"column":0},"end":{"line":91,"column":1}},"loc":{"start":{"line":88,"column":0},"end":{"line":91,"column":1}},"line":88},"3":{"name":"readLengthPrefixed","decl":{"start":{"line":98,"column":0},"end":{"line":104,"column":1}},"loc":{"start":{"line":98,"column":0},"end":{"line":104,"column":1}},"line":98},"4":{"name":"readStdin","decl":{"start":{"line":110,"column":0},"end":{"line":117,"column":1}},"loc":{"start":{"line":110,"column":0},"end":{"line":117,"column":1}},"line":110},"5":{"name":"read","decl":{"start":{"line":131,"column":0},"end":{"line":161,"column":1}},"loc":{"start":{"line":131,"column":0},"end":{"line":161,"column":1}},"line":131},"6":{"name":"respond","decl":{"start":{"line":171,"column":0},"end":{"line":199,"column":1}},"loc":{"start":{"line":171,"column":0},"end":{"line":199,"column":1}},"line":171},"7":{"name":"approve","decl":{"start":{"line":206,"column":7},"end":{"line":208,"column":1}},"loc":{"start":{"line":206,"column":7},"end":{"line":208,"column":1}},"line":206},"8":{"name":"block","decl":{"start":{"line":211,"column":7},"end":{"line":213,"column":1}},"loc":{"start":{"line":211,"column":7},"end":{"line":213,"column":1}},"line":211},"9":{"name":"modify","decl":{"start":{"line":221,"column":7},"end":{"line":223,"column":1}},"loc":{"start":{"line":221,"column":7},"end":{"line":223,"column":1}},"line":221}},"f":{"0":32,"1":19,"2":17,"3":17,"4":10,"5":11,"6":8,"7":5,"8":3,"9":3}}
}
